<?xml version="1.0" encoding="UTF-8"?>
<!-- Generated by org.testng.reporters.JUnitReportReporter -->
<testsuite skipped="0" hostname="DESKTOP-I8IVSTL" name="Test.TestRunning" tests="1" failures="0" timestamp="2020-09-24T07:26:57 CDT" time="28.732" errors="0">
  <testcase name="Test" time="28.732" classname="Test.TestRunning"/>
  <system-out/>
</testsuite> <!-- Test.TestRunning -->
